<?xml version="1.0" encoding="UTF-8"?>
<testsuite xmlns:xsi="http://www.w3.org/2001/XMLSchema-instance" xsi:noNamespaceSchemaLocation="https://maven.apache.org/surefire/maven-surefire-plugin/xsd/surefire-test-report.xsd" name="segment.MyBatisTest" time="1.177" tests="1" errors="0" skipped="0" failures="0">
  <properties>
    <property name="sun.desktop" value="windows"/>
    <property name="awt.toolkit" value="sun.awt.windows.WToolkit"/>
    <property name="file.encoding.pkg" value="sun.io"/>
    <property name="java.specification.version" value="1.8"/>
    <property name="sun.cpu.isalist" value="amd64"/>
    <property name="sun.jnu.encoding" value="GBK"/>
    <property name="java.class.path" value="D:\idea_workspace\spring\SpringSourceCode\target\test-classes;D:\idea_workspace\spring\SpringSourceCode\target\classes;D:\repo\org\thymeleaf\thymeleaf-spring5\3.0.11.RELEASE\thymeleaf-spring5-3.0.11.RELEASE.jar;D:\repo\org\thymeleaf\thymeleaf\3.0.11.RELEASE\thymeleaf-3.0.11.RELEASE.jar;D:\repo\org\attoparser\attoparser\2.0.5.RELEASE\attoparser-2.0.5.RELEASE.jar;D:\repo\org\unbescape\unbescape\1.1.6.RELEASE\unbescape-1.1.6.RELEASE.jar;D:\repo\org\springframework\spring-context\5.1.13.RELEASE\spring-context-5.1.13.RELEASE.jar;D:\repo\org\springframework\spring-beans\5.1.13.RELEASE\spring-beans-5.1.13.RELEASE.jar;D:\repo\org\springframework\spring-core\5.1.13.RELEASE\spring-core-5.1.13.RELEASE.jar;D:\repo\org\springframework\spring-jcl\5.1.13.RELEASE\spring-jcl-5.1.13.RELEASE.jar;D:\repo\org\springframework\spring-expression\5.1.13.RELEASE\spring-expression-5.1.13.RELEASE.jar;D:\repo\org\springframework\spring-webmvc\5.1.13.RELEASE\spring-webmvc-5.1.13.RELEASE.jar;D:\repo\org\springframework\spring-web\5.1.13.RELEASE\spring-web-5.1.13.RELEASE.jar;D:\repo\javax\servlet\javax.servlet-api\3.1.0\javax.servlet-api-3.1.0.jar;D:\repo\org\springframework\spring-aspects\5.1.13.RELEASE\spring-aspects-5.1.13.RELEASE.jar;D:\repo\org\aspectj\aspectjweaver\1.9.5\aspectjweaver-1.9.5.jar;D:\repo\org\springframework\spring-tx\5.1.13.RELEASE\spring-tx-5.1.13.RELEASE.jar;D:\repo\org\springframework\spring-test\5.1.13.RELEASE\spring-test-5.1.13.RELEASE.jar;D:\repo\org\springframework\spring-jdbc\5.1.13.RELEASE\spring-jdbc-5.1.13.RELEASE.jar;D:\repo\com\mchange\c3p0\0.9.5.2\c3p0-0.9.5.2.jar;D:\repo\com\mchange\mchange-commons-java\0.2.11\mchange-commons-java-0.2.11.jar;D:\repo\com\alibaba\druid\1.0.20\druid-1.0.20.jar;C:\Program Files\Java\jdk1.8.0_191\jre\..\lib\jconsole.jar;C:\Program Files\Java\jdk1.8.0_191\jre\..\lib\tools.jar;D:\repo\org\mybatis\mybatis\3.4.4\mybatis-3.4.4.jar;D:\repo\org\mybatis\mybatis-spring\1.3.1\mybatis-spring-1.3.1.jar;D:\repo\mysql\mysql-connector-java\5.1.25\mysql-connector-java-5.1.25.jar;D:\repo\redis\clients\jedis\2.7.3\jedis-2.7.3.jar;D:\repo\org\apache\commons\commons-pool2\2.3\commons-pool2-2.3.jar;D:\repo\org\springframework\data\spring-data-redis\1.6.2.RELEASE\spring-data-redis-1.6.2.RELEASE.jar;D:\repo\org\springframework\spring-context-support\5.1.13.RELEASE\spring-context-support-5.1.13.RELEASE.jar;D:\repo\org\springframework\data\spring-data-mongodb\1.9.5.RELEASE\spring-data-mongodb-1.9.5.RELEASE.jar;D:\repo\org\springframework\data\spring-data-commons\1.12.5.RELEASE\spring-data-commons-1.12.5.RELEASE.jar;D:\repo\org\mongodb\mongo-java-driver\2.14.3\mongo-java-driver-2.14.3.jar;D:\repo\org\slf4j\jcl-over-slf4j\1.7.21\jcl-over-slf4j-1.7.21.jar;D:\repo\com\alibaba\fastjson\1.2.37\fastjson-1.2.37.jar;D:\repo\com\fasterxml\jackson\core\jackson-core\2.9.3\jackson-core-2.9.3.jar;D:\repo\com\fasterxml\jackson\core\jackson-databind\2.9.3\jackson-databind-2.9.3.jar;D:\repo\com\fasterxml\jackson\core\jackson-annotations\2.9.3\jackson-annotations-2.9.3.jar;D:\repo\org\slf4j\slf4j-api\1.7.10\slf4j-api-1.7.10.jar;D:\repo\ch\qos\logback\logback-classic\1.1.2\logback-classic-1.1.2.jar;D:\repo\ch\qos\logback\logback-core\1.1.2\logback-core-1.1.2.jar;D:\repo\javax\servlet\jstl\1.2\jstl-1.2.jar;D:\repo\junit\junit\4.12\junit-4.12.jar;D:\repo\org\hamcrest\hamcrest-core\1.3\hamcrest-core-1.3.jar;D:\repo\org\springframework\spring-aop\5.2.4.RELEASE\spring-aop-5.2.4.RELEASE.jar;"/>
    <property name="java.vm.vendor" value="Oracle Corporation"/>
    <property name="sun.arch.data.model" value="64"/>
    <property name="user.variant" value=""/>
    <property name="java.vendor.url" value="http://java.oracle.com/"/>
    <property name="user.timezone" value="Asia/Shanghai"/>
    <property name="user.country.format" value="CN"/>
    <property name="java.vm.specification.version" value="1.8"/>
    <property name="os.name" value="Windows 7"/>
    <property name="user.country" value="US"/>
    <property name="sun.java.launcher" value="SUN_STANDARD"/>
    <property name="sun.boot.library.path" value="C:\Program Files\Java\jdk1.8.0_191\jre\bin"/>
    <property name="sun.java.command" value="C:\Users\Michael\AppData\Local\Temp\surefire3015623642976063194\surefirebooter6991801007366667115.jar C:\Users\Michael\AppData\Local\Temp\surefire3015623642976063194 2020-04-10T15-48-25_580-jvmRun1 surefire2427380190143673462tmp surefire_05570649323741961135tmp"/>
    <property name="surefire.test.class.path" value="D:\idea_workspace\spring\SpringSourceCode\target\test-classes;D:\idea_workspace\spring\SpringSourceCode\target\classes;D:\repo\org\thymeleaf\thymeleaf-spring5\3.0.11.RELEASE\thymeleaf-spring5-3.0.11.RELEASE.jar;D:\repo\org\thymeleaf\thymeleaf\3.0.11.RELEASE\thymeleaf-3.0.11.RELEASE.jar;D:\repo\org\attoparser\attoparser\2.0.5.RELEASE\attoparser-2.0.5.RELEASE.jar;D:\repo\org\unbescape\unbescape\1.1.6.RELEASE\unbescape-1.1.6.RELEASE.jar;D:\repo\org\springframework\spring-context\5.1.13.RELEASE\spring-context-5.1.13.RELEASE.jar;D:\repo\org\springframework\spring-beans\5.1.13.RELEASE\spring-beans-5.1.13.RELEASE.jar;D:\repo\org\springframework\spring-core\5.1.13.RELEASE\spring-core-5.1.13.RELEASE.jar;D:\repo\org\springframework\spring-jcl\5.1.13.RELEASE\spring-jcl-5.1.13.RELEASE.jar;D:\repo\org\springframework\spring-expression\5.1.13.RELEASE\spring-expression-5.1.13.RELEASE.jar;D:\repo\org\springframework\spring-webmvc\5.1.13.RELEASE\spring-webmvc-5.1.13.RELEASE.jar;D:\repo\org\springframework\spring-web\5.1.13.RELEASE\spring-web-5.1.13.RELEASE.jar;D:\repo\javax\servlet\javax.servlet-api\3.1.0\javax.servlet-api-3.1.0.jar;D:\repo\org\springframework\spring-aspects\5.1.13.RELEASE\spring-aspects-5.1.13.RELEASE.jar;D:\repo\org\aspectj\aspectjweaver\1.9.5\aspectjweaver-1.9.5.jar;D:\repo\org\springframework\spring-tx\5.1.13.RELEASE\spring-tx-5.1.13.RELEASE.jar;D:\repo\org\springframework\spring-test\5.1.13.RELEASE\spring-test-5.1.13.RELEASE.jar;D:\repo\org\springframework\spring-jdbc\5.1.13.RELEASE\spring-jdbc-5.1.13.RELEASE.jar;D:\repo\com\mchange\c3p0\0.9.5.2\c3p0-0.9.5.2.jar;D:\repo\com\mchange\mchange-commons-java\0.2.11\mchange-commons-java-0.2.11.jar;D:\repo\com\alibaba\druid\1.0.20\druid-1.0.20.jar;C:\Program Files\Java\jdk1.8.0_191\jre\..\lib\jconsole.jar;C:\Program Files\Java\jdk1.8.0_191\jre\..\lib\tools.jar;D:\repo\org\mybatis\mybatis\3.4.4\mybatis-3.4.4.jar;D:\repo\org\mybatis\mybatis-spring\1.3.1\mybatis-spring-1.3.1.jar;D:\repo\mysql\mysql-connector-java\5.1.25\mysql-connector-java-5.1.25.jar;D:\repo\redis\clients\jedis\2.7.3\jedis-2.7.3.jar;D:\repo\org\apache\commons\commons-pool2\2.3\commons-pool2-2.3.jar;D:\repo\org\springframework\data\spring-data-redis\1.6.2.RELEASE\spring-data-redis-1.6.2.RELEASE.jar;D:\repo\org\springframework\spring-context-support\5.1.13.RELEASE\spring-context-support-5.1.13.RELEASE.jar;D:\repo\org\springframework\data\spring-data-mongodb\1.9.5.RELEASE\spring-data-mongodb-1.9.5.RELEASE.jar;D:\repo\org\springframework\data\spring-data-commons\1.12.5.RELEASE\spring-data-commons-1.12.5.RELEASE.jar;D:\repo\org\mongodb\mongo-java-driver\2.14.3\mongo-java-driver-2.14.3.jar;D:\repo\org\slf4j\jcl-over-slf4j\1.7.21\jcl-over-slf4j-1.7.21.jar;D:\repo\com\alibaba\fastjson\1.2.37\fastjson-1.2.37.jar;D:\repo\com\fasterxml\jackson\core\jackson-core\2.9.3\jackson-core-2.9.3.jar;D:\repo\com\fasterxml\jackson\core\jackson-databind\2.9.3\jackson-databind-2.9.3.jar;D:\repo\com\fasterxml\jackson\core\jackson-annotations\2.9.3\jackson-annotations-2.9.3.jar;D:\repo\org\slf4j\slf4j-api\1.7.10\slf4j-api-1.7.10.jar;D:\repo\ch\qos\logback\logback-classic\1.1.2\logback-classic-1.1.2.jar;D:\repo\ch\qos\logback\logback-core\1.1.2\logback-core-1.1.2.jar;D:\repo\javax\servlet\jstl\1.2\jstl-1.2.jar;D:\repo\junit\junit\4.12\junit-4.12.jar;D:\repo\org\hamcrest\hamcrest-core\1.3\hamcrest-core-1.3.jar;D:\repo\org\springframework\spring-aop\5.2.4.RELEASE\spring-aop-5.2.4.RELEASE.jar;"/>
    <property name="sun.cpu.endian" value="little"/>
    <property name="user.home" value="C:\Users\Michael"/>
    <property name="user.language" value="en"/>
    <property name="java.specification.vendor" value="Oracle Corporation"/>
    <property name="java.home" value="C:\Program Files\Java\jdk1.8.0_191\jre"/>
    <property name="basedir" value="D:\idea_workspace\spring\SpringSourceCode"/>
    <property name="file.separator" value="\"/>
    <property name="line.separator" value="&#10;"/>
    <property name="java.vm.specification.vendor" value="Oracle Corporation"/>
    <property name="java.specification.name" value="Java Platform API Specification"/>
    <property name="java.awt.graphicsenv" value="sun.awt.Win32GraphicsEnvironment"/>
    <property name="surefire.real.class.path" value="C:\Users\Michael\AppData\Local\Temp\surefire3015623642976063194\surefirebooter6991801007366667115.jar"/>
    <property name="sun.boot.class.path" value="C:\Program Files\Java\jdk1.8.0_191\jre\lib\resources.jar;C:\Program Files\Java\jdk1.8.0_191\jre\lib\rt.jar;C:\Program Files\Java\jdk1.8.0_191\jre\lib\sunrsasign.jar;C:\Program Files\Java\jdk1.8.0_191\jre\lib\jsse.jar;C:\Program Files\Java\jdk1.8.0_191\jre\lib\jce.jar;C:\Program Files\Java\jdk1.8.0_191\jre\lib\charsets.jar;C:\Program Files\Java\jdk1.8.0_191\jre\lib\jfr.jar;C:\Program Files\Java\jdk1.8.0_191\jre\classes"/>
    <property name="user.script" value=""/>
    <property name="sun.management.compiler" value="HotSpot 64-Bit Tiered Compilers"/>
    <property name="java.runtime.version" value="1.8.0_191-b12"/>
    <property name="user.name" value="Michael"/>
    <property name="path.separator" value=";"/>
    <property name="os.version" value="6.1"/>
    <property name="java.endorsed.dirs" value="C:\Program Files\Java\jdk1.8.0_191\jre\lib\endorsed"/>
    <property name="java.runtime.name" value="Java(TM) SE Runtime Environment"/>
    <property name="file.encoding" value="GBK"/>
    <property name="java.vm.name" value="Java HotSpot(TM) 64-Bit Server VM"/>
    <property name="localRepository" value="D:\repo"/>
    <property name="java.vendor.url.bug" value="http://bugreport.sun.com/bugreport/"/>
    <property name="java.io.tmpdir" value="C:\Users\Michael\AppData\Local\Temp\"/>
    <property name="java.version" value="1.8.0_191"/>
    <property name="user.dir" value="D:\idea_workspace\spring\SpringSourceCode"/>
    <property name="os.arch" value="amd64"/>
    <property name="java.vm.specification.name" value="Java Virtual Machine Specification"/>
    <property name="java.awt.printerjob" value="sun.awt.windows.WPrinterJob"/>
    <property name="user.language.format" value="zh"/>
    <property name="idea.version2019.1.3" value="true"/>
    <property name="sun.os.patch.level" value="Service Pack 1"/>
    <property name="java.library.path" value="C:\Program Files\Java\jdk1.8.0_191\jre\bin;C:\Windows\Sun\Java\bin;C:\Windows\system32;C:\Windows;D:\Program Files (x86)\NetSarang\Xshell 6\;C:\Program Files (x86)\Common Files\Oracle\Java\javapath;C:\Windows\system32;C:\Windows;C:\Windows\System32\Wbem;C:\Windows\System32\WindowsPowerShell\v1.0\;C:\Program Files (x86)\Windows Kits\8.1\Windows Performance Toolkit\;C:\Program Files\Microsoft SQL Server\110\Tools\Binn\;C:\Program Files (x86)\Microsoft SDKs\TypeScript\1.0\;C:\Program Files\Microsoft SQL Server\120\Tools\Binn\;%JAVA_HOME%\bin;%JAVA_HOME%\jre\bin;D:\apache-maven-3.6.0\bin;C:\Program Files\Git\cmd;;D:\Program Files\Docker Toolbox;."/>
    <property name="java.vm.info" value="mixed mode"/>
    <property name="java.vendor" value="Oracle Corporation"/>
    <property name="java.vm.version" value="25.191-b12"/>
    <property name="java.ext.dirs" value="C:\Program Files\Java\jdk1.8.0_191\jre\lib\ext;C:\Windows\Sun\Java\lib\ext"/>
    <property name="sun.io.unicode.encoding" value="UnicodeLittle"/>
    <property name="java.class.version" value="52.0"/>
  </properties>
  <testcase name="selectAllRole" classname="segment.MyBatisTest" time="1.132"/>
</testsuite>