<?xml version="1.0" encoding="UTF-8"?>
<testsuite xmlns:xsi="http://www.w3.org/2001/XMLSchema-instance" xsi:noNamespaceSchemaLocation="https://maven.apache.org/surefire/maven-surefire-plugin/xsd/surefire-test-report.xsd" name="segment.MyBatisTest" time="0.584" tests="1" errors="0" skipped="0" failures="0">
  <properties>
    <property name="sun.desktop" value="windows"/>
    <property name="awt.toolkit" value="sun.awt.windows.WToolkit"/>
    <property name="file.encoding.pkg" value="sun.io"/>
    <property name="java.specification.version" value="1.8"/>
    <property name="sun.cpu.isalist" value="amd64"/>
    <property name="sun.jnu.encoding" value="GBK"/>
    <property name="java.class.path" value="C:\WorkStation\Michael\idea_workplace\project\spring\SpringSourceCode\target\test-classes;C:\WorkStation\Michael\idea_workplace\project\spring\SpringSourceCode\target\classes;C:\WorkStation\maven\apache-maven-3.3.9\repository\org\thymeleaf\thymeleaf-spring5\3.0.11.RELEASE\thymeleaf-spring5-3.0.11.RELEASE.jar;C:\WorkStation\maven\apache-maven-3.3.9\repository\org\thymeleaf\thymeleaf\3.0.11.RELEASE\thymeleaf-3.0.11.RELEASE.jar;C:\WorkStation\maven\apache-maven-3.3.9\repository\org\attoparser\attoparser\2.0.5.RELEASE\attoparser-2.0.5.RELEASE.jar;C:\WorkStation\maven\apache-maven-3.3.9\repository\org\unbescape\unbescape\1.1.6.RELEASE\unbescape-1.1.6.RELEASE.jar;C:\WorkStation\maven\apache-maven-3.3.9\repository\org\springframework\spring-context\5.1.13.RELEASE\spring-context-5.1.13.RELEASE.jar;C:\WorkStation\maven\apache-maven-3.3.9\repository\org\springframework\spring-beans\5.1.13.RELEASE\spring-beans-5.1.13.RELEASE.jar;C:\WorkStation\maven\apache-maven-3.3.9\repository\org\springframework\spring-core\5.1.13.RELEASE\spring-core-5.1.13.RELEASE.jar;C:\WorkStation\maven\apache-maven-3.3.9\repository\org\springframework\spring-jcl\5.1.13.RELEASE\spring-jcl-5.1.13.RELEASE.jar;C:\WorkStation\maven\apache-maven-3.3.9\repository\org\springframework\spring-expression\5.1.13.RELEASE\spring-expression-5.1.13.RELEASE.jar;C:\WorkStation\maven\apache-maven-3.3.9\repository\org\springframework\spring-webmvc\5.1.13.RELEASE\spring-webmvc-5.1.13.RELEASE.jar;C:\WorkStation\maven\apache-maven-3.3.9\repository\org\springframework\spring-web\5.1.13.RELEASE\spring-web-5.1.13.RELEASE.jar;C:\WorkStation\maven\apache-maven-3.3.9\repository\javax\servlet\javax.servlet-api\3.1.0\javax.servlet-api-3.1.0.jar;C:\WorkStation\maven\apache-maven-3.3.9\repository\org\springframework\spring-aspects\5.1.13.RELEASE\spring-aspects-5.1.13.RELEASE.jar;C:\WorkStation\maven\apache-maven-3.3.9\repository\org\aspectj\aspectjweaver\1.9.5\aspectjweaver-1.9.5.jar;C:\WorkStation\maven\apache-maven-3.3.9\repository\org\springframework\spring-tx\5.1.13.RELEASE\spring-tx-5.1.13.RELEASE.jar;C:\WorkStation\maven\apache-maven-3.3.9\repository\org\springframework\spring-test\5.1.13.RELEASE\spring-test-5.1.13.RELEASE.jar;C:\WorkStation\maven\apache-maven-3.3.9\repository\org\springframework\spring-jdbc\5.1.13.RELEASE\spring-jdbc-5.1.13.RELEASE.jar;C:\WorkStation\maven\apache-maven-3.3.9\repository\com\mchange\c3p0\0.9.5.5\c3p0-0.9.5.5.jar;C:\WorkStation\maven\apache-maven-3.3.9\repository\com\mchange\mchange-commons-java\0.2.19\mchange-commons-java-0.2.19.jar;C:\WorkStation\maven\apache-maven-3.3.9\repository\com\alibaba\druid\1.0.20\druid-1.0.20.jar;C:\Program Files\Java\jdk1.8.0_91\jre\..\lib\jconsole.jar;C:\Program Files\Java\jdk1.8.0_91\jre\..\lib\tools.jar;C:\WorkStation\maven\apache-maven-3.3.9\repository\org\mybatis\mybatis\3.4.4\mybatis-3.4.4.jar;C:\WorkStation\maven\apache-maven-3.3.9\repository\org\mybatis\mybatis-spring\1.3.1\mybatis-spring-1.3.1.jar;C:\WorkStation\maven\apache-maven-3.3.9\repository\mysql\mysql-connector-java\5.1.25\mysql-connector-java-5.1.25.jar;C:\WorkStation\maven\apache-maven-3.3.9\repository\redis\clients\jedis\2.7.3\jedis-2.7.3.jar;C:\WorkStation\maven\apache-maven-3.3.9\repository\org\apache\commons\commons-pool2\2.3\commons-pool2-2.3.jar;C:\WorkStation\maven\apache-maven-3.3.9\repository\org\springframework\data\spring-data-redis\1.6.2.RELEASE\spring-data-redis-1.6.2.RELEASE.jar;C:\WorkStation\maven\apache-maven-3.3.9\repository\org\springframework\spring-context-support\5.1.13.RELEASE\spring-context-support-5.1.13.RELEASE.jar;C:\WorkStation\maven\apache-maven-3.3.9\repository\org\springframework\data\spring-data-mongodb\2.2.7.RELEASE\spring-data-mongodb-2.2.7.RELEASE.jar;C:\WorkStation\maven\apache-maven-3.3.9\repository\org\springframework\data\spring-data-commons\2.2.7.RELEASE\spring-data-commons-2.2.7.RELEASE.jar;C:\WorkStation\maven\apache-maven-3.3.9\repository\org\mongodb\mongo-java-driver\3.11.2\mongo-java-driver-3.11.2.jar;C:\WorkStation\maven\apache-maven-3.3.9\repository\com\alibaba\fastjson\1.2.37\fastjson-1.2.37.jar;C:\WorkStation\maven\apache-maven-3.3.9\repository\com\fasterxml\jackson\core\jackson-core\2.10.2\jackson-core-2.10.2.jar;C:\WorkStation\maven\apache-maven-3.3.9\repository\com\fasterxml\jackson\core\jackson-databind\2.10.2\jackson-databind-2.10.2.jar;C:\WorkStation\maven\apache-maven-3.3.9\repository\com\fasterxml\jackson\core\jackson-annotations\2.10.2\jackson-annotations-2.10.2.jar;C:\WorkStation\maven\apache-maven-3.3.9\repository\org\slf4j\slf4j-api\1.7.10\slf4j-api-1.7.10.jar;C:\WorkStation\maven\apache-maven-3.3.9\repository\ch\qos\logback\logback-classic\1.1.2\logback-classic-1.1.2.jar;C:\WorkStation\maven\apache-maven-3.3.9\repository\ch\qos\logback\logback-core\1.1.2\logback-core-1.1.2.jar;C:\WorkStation\maven\apache-maven-3.3.9\repository\javax\servlet\jstl\1.2\jstl-1.2.jar;C:\WorkStation\maven\apache-maven-3.3.9\repository\junit\junit\4.12\junit-4.12.jar;C:\WorkStation\maven\apache-maven-3.3.9\repository\org\hamcrest\hamcrest-core\1.3\hamcrest-core-1.3.jar;C:\WorkStation\maven\apache-maven-3.3.9\repository\org\springframework\spring-aop\5.1.13.RELEASE\spring-aop-5.1.13.RELEASE.jar;"/>
    <property name="java.vm.vendor" value="Oracle Corporation"/>
    <property name="sun.arch.data.model" value="64"/>
    <property name="user.variant" value=""/>
    <property name="java.vendor.url" value="http://java.oracle.com/"/>
    <property name="user.timezone" value="Asia/Shanghai"/>
    <property name="java.vm.specification.version" value="1.8"/>
    <property name="os.name" value="Windows 10"/>
    <property name="user.country" value="US"/>
    <property name="sun.java.launcher" value="SUN_STANDARD"/>
    <property name="sun.boot.library.path" value="C:\Program Files\Java\jdk1.8.0_91\jre\bin"/>
    <property name="sun.java.command" value="C:\Users\wu.COMPUTOP\AppData\Local\Temp\surefire2364235687889521424\surefirebooter4285328656824769883.jar C:\Users\wu.COMPUTOP\AppData\Local\Temp\surefire2364235687889521424 2020-05-23T16-51-12_638-jvmRun1 surefire3249975158435542993tmp surefire_08042044588357014217tmp"/>
    <property name="surefire.test.class.path" value="C:\WorkStation\Michael\idea_workplace\project\spring\SpringSourceCode\target\test-classes;C:\WorkStation\Michael\idea_workplace\project\spring\SpringSourceCode\target\classes;C:\WorkStation\maven\apache-maven-3.3.9\repository\org\thymeleaf\thymeleaf-spring5\3.0.11.RELEASE\thymeleaf-spring5-3.0.11.RELEASE.jar;C:\WorkStation\maven\apache-maven-3.3.9\repository\org\thymeleaf\thymeleaf\3.0.11.RELEASE\thymeleaf-3.0.11.RELEASE.jar;C:\WorkStation\maven\apache-maven-3.3.9\repository\org\attoparser\attoparser\2.0.5.RELEASE\attoparser-2.0.5.RELEASE.jar;C:\WorkStation\maven\apache-maven-3.3.9\repository\org\unbescape\unbescape\1.1.6.RELEASE\unbescape-1.1.6.RELEASE.jar;C:\WorkStation\maven\apache-maven-3.3.9\repository\org\springframework\spring-context\5.1.13.RELEASE\spring-context-5.1.13.RELEASE.jar;C:\WorkStation\maven\apache-maven-3.3.9\repository\org\springframework\spring-beans\5.1.13.RELEASE\spring-beans-5.1.13.RELEASE.jar;C:\WorkStation\maven\apache-maven-3.3.9\repository\org\springframework\spring-core\5.1.13.RELEASE\spring-core-5.1.13.RELEASE.jar;C:\WorkStation\maven\apache-maven-3.3.9\repository\org\springframework\spring-jcl\5.1.13.RELEASE\spring-jcl-5.1.13.RELEASE.jar;C:\WorkStation\maven\apache-maven-3.3.9\repository\org\springframework\spring-expression\5.1.13.RELEASE\spring-expression-5.1.13.RELEASE.jar;C:\WorkStation\maven\apache-maven-3.3.9\repository\org\springframework\spring-webmvc\5.1.13.RELEASE\spring-webmvc-5.1.13.RELEASE.jar;C:\WorkStation\maven\apache-maven-3.3.9\repository\org\springframework\spring-web\5.1.13.RELEASE\spring-web-5.1.13.RELEASE.jar;C:\WorkStation\maven\apache-maven-3.3.9\repository\javax\servlet\javax.servlet-api\3.1.0\javax.servlet-api-3.1.0.jar;C:\WorkStation\maven\apache-maven-3.3.9\repository\org\springframework\spring-aspects\5.1.13.RELEASE\spring-aspects-5.1.13.RELEASE.jar;C:\WorkStation\maven\apache-maven-3.3.9\repository\org\aspectj\aspectjweaver\1.9.5\aspectjweaver-1.9.5.jar;C:\WorkStation\maven\apache-maven-3.3.9\repository\org\springframework\spring-tx\5.1.13.RELEASE\spring-tx-5.1.13.RELEASE.jar;C:\WorkStation\maven\apache-maven-3.3.9\repository\org\springframework\spring-test\5.1.13.RELEASE\spring-test-5.1.13.RELEASE.jar;C:\WorkStation\maven\apache-maven-3.3.9\repository\org\springframework\spring-jdbc\5.1.13.RELEASE\spring-jdbc-5.1.13.RELEASE.jar;C:\WorkStation\maven\apache-maven-3.3.9\repository\com\mchange\c3p0\0.9.5.5\c3p0-0.9.5.5.jar;C:\WorkStation\maven\apache-maven-3.3.9\repository\com\mchange\mchange-commons-java\0.2.19\mchange-commons-java-0.2.19.jar;C:\WorkStation\maven\apache-maven-3.3.9\repository\com\alibaba\druid\1.0.20\druid-1.0.20.jar;C:\Program Files\Java\jdk1.8.0_91\jre\..\lib\jconsole.jar;C:\Program Files\Java\jdk1.8.0_91\jre\..\lib\tools.jar;C:\WorkStation\maven\apache-maven-3.3.9\repository\org\mybatis\mybatis\3.4.4\mybatis-3.4.4.jar;C:\WorkStation\maven\apache-maven-3.3.9\repository\org\mybatis\mybatis-spring\1.3.1\mybatis-spring-1.3.1.jar;C:\WorkStation\maven\apache-maven-3.3.9\repository\mysql\mysql-connector-java\5.1.25\mysql-connector-java-5.1.25.jar;C:\WorkStation\maven\apache-maven-3.3.9\repository\redis\clients\jedis\2.7.3\jedis-2.7.3.jar;C:\WorkStation\maven\apache-maven-3.3.9\repository\org\apache\commons\commons-pool2\2.3\commons-pool2-2.3.jar;C:\WorkStation\maven\apache-maven-3.3.9\repository\org\springframework\data\spring-data-redis\1.6.2.RELEASE\spring-data-redis-1.6.2.RELEASE.jar;C:\WorkStation\maven\apache-maven-3.3.9\repository\org\springframework\spring-context-support\5.1.13.RELEASE\spring-context-support-5.1.13.RELEASE.jar;C:\WorkStation\maven\apache-maven-3.3.9\repository\org\springframework\data\spring-data-mongodb\2.2.7.RELEASE\spring-data-mongodb-2.2.7.RELEASE.jar;C:\WorkStation\maven\apache-maven-3.3.9\repository\org\springframework\data\spring-data-commons\2.2.7.RELEASE\spring-data-commons-2.2.7.RELEASE.jar;C:\WorkStation\maven\apache-maven-3.3.9\repository\org\mongodb\mongo-java-driver\3.11.2\mongo-java-driver-3.11.2.jar;C:\WorkStation\maven\apache-maven-3.3.9\repository\com\alibaba\fastjson\1.2.37\fastjson-1.2.37.jar;C:\WorkStation\maven\apache-maven-3.3.9\repository\com\fasterxml\jackson\core\jackson-core\2.10.2\jackson-core-2.10.2.jar;C:\WorkStation\maven\apache-maven-3.3.9\repository\com\fasterxml\jackson\core\jackson-databind\2.10.2\jackson-databind-2.10.2.jar;C:\WorkStation\maven\apache-maven-3.3.9\repository\com\fasterxml\jackson\core\jackson-annotations\2.10.2\jackson-annotations-2.10.2.jar;C:\WorkStation\maven\apache-maven-3.3.9\repository\org\slf4j\slf4j-api\1.7.10\slf4j-api-1.7.10.jar;C:\WorkStation\maven\apache-maven-3.3.9\repository\ch\qos\logback\logback-classic\1.1.2\logback-classic-1.1.2.jar;C:\WorkStation\maven\apache-maven-3.3.9\repository\ch\qos\logback\logback-core\1.1.2\logback-core-1.1.2.jar;C:\WorkStation\maven\apache-maven-3.3.9\repository\javax\servlet\jstl\1.2\jstl-1.2.jar;C:\WorkStation\maven\apache-maven-3.3.9\repository\junit\junit\4.12\junit-4.12.jar;C:\WorkStation\maven\apache-maven-3.3.9\repository\org\hamcrest\hamcrest-core\1.3\hamcrest-core-1.3.jar;C:\WorkStation\maven\apache-maven-3.3.9\repository\org\springframework\spring-aop\5.1.13.RELEASE\spring-aop-5.1.13.RELEASE.jar;"/>
    <property name="sun.cpu.endian" value="little"/>
    <property name="user.home" value="C:\Users\wu.COMPUTOP"/>
    <property name="user.language" value="en"/>
    <property name="java.specification.vendor" value="Oracle Corporation"/>
    <property name="java.home" value="C:\Program Files\Java\jdk1.8.0_91\jre"/>
    <property name="basedir" value="C:\WorkStation\Michael\idea_workplace\project\spring\SpringSourceCode"/>
    <property name="file.separator" value="\"/>
    <property name="line.separator" value="&#10;"/>
    <property name="java.vm.specification.vendor" value="Oracle Corporation"/>
    <property name="java.specification.name" value="Java Platform API Specification"/>
    <property name="java.awt.graphicsenv" value="sun.awt.Win32GraphicsEnvironment"/>
    <property name="surefire.real.class.path" value="C:\Users\wu.COMPUTOP\AppData\Local\Temp\surefire2364235687889521424\surefirebooter4285328656824769883.jar"/>
    <property name="sun.boot.class.path" value="C:\Program Files\Java\jdk1.8.0_91\jre\lib\resources.jar;C:\Program Files\Java\jdk1.8.0_91\jre\lib\rt.jar;C:\Program Files\Java\jdk1.8.0_91\jre\lib\sunrsasign.jar;C:\Program Files\Java\jdk1.8.0_91\jre\lib\jsse.jar;C:\Program Files\Java\jdk1.8.0_91\jre\lib\jce.jar;C:\Program Files\Java\jdk1.8.0_91\jre\lib\charsets.jar;C:\Program Files\Java\jdk1.8.0_91\jre\lib\jfr.jar;C:\Program Files\Java\jdk1.8.0_91\jre\classes"/>
    <property name="user.script" value=""/>
    <property name="sun.management.compiler" value="HotSpot 64-Bit Tiered Compilers"/>
    <property name="java.runtime.version" value="1.8.0_91-b14"/>
    <property name="user.name" value="wu"/>
    <property name="path.separator" value=";"/>
    <property name="os.version" value="10.0"/>
    <property name="java.endorsed.dirs" value="C:\Program Files\Java\jdk1.8.0_91\jre\lib\endorsed"/>
    <property name="java.runtime.name" value="Java(TM) SE Runtime Environment"/>
    <property name="file.encoding" value="GBK"/>
    <property name="java.vm.name" value="Java HotSpot(TM) 64-Bit Server VM"/>
    <property name="localRepository" value="C:\WorkStation\maven\apache-maven-3.3.9\repository"/>
    <property name="java.vendor.url.bug" value="http://bugreport.sun.com/bugreport/"/>
    <property name="java.io.tmpdir" value="C:\Users\wu.COMPUTOP\AppData\Local\Temp\"/>
    <property name="java.version" value="1.8.0_91"/>
    <property name="user.dir" value="C:\WorkStation\Michael\idea_workplace\project\spring\SpringSourceCode"/>
    <property name="os.arch" value="amd64"/>
    <property name="java.vm.specification.name" value="Java Virtual Machine Specification"/>
    <property name="java.awt.printerjob" value="sun.awt.windows.WPrinterJob"/>
    <property name="idea.version2019.1.3" value="true"/>
    <property name="sun.os.patch.level" value=""/>
    <property name="java.library.path" value="C:\Program Files\Java\jdk1.8.0_91\jre\bin;C:\WINDOWS\Sun\Java\bin;C:\WINDOWS\system32;C:\WINDOWS;C:\Program Files (x86)\Common Files\Oracle\Java\javapath;C:\ProgramData\Oracle\Java\javapath;C:\Program Files (x86)\Intel\Intel(R) Management Engine Components\iCLS\;C:\Program Files\Intel\Intel(R) Management Engine Components\iCLS\;C:\Windows\System32;C:\Windows;C:\Windows\System32\wbem;C:\Windows\System32\WindowsPowerShell\v1.0\;C:\Windows\System32\OpenSSH\;C:\Program Files (x86)\Intel\Intel(R) Management Engine Components\DAL;C:\Program Files\Intel\Intel(R) Management Engine Components\DAL;C:\Program Files (x86)\innovaphone\Softwarephone\;C:\Program Files (x86)\Plantronics\Spokes3G SDK\;C:\Program Files\MySQL\bin;C:\Program Files (x86)\Windows Kits\8.1\Windows Performance Toolkit\;C:\Program Files\Microsoft SQL Server\110\Tools\Binn\;C:\Program Files (x86)\Microsoft SDKs\TypeScript\1.0\;C:\Program Files\Microsoft SQL Server\120\Tools\Binn\;C:\Program Files\Java\jdk1.8.0_91\bin;C:\WorkStation\apache-ant-1.9.14\bin;C:\Program Files (x86)\GnuPG\bin;C:\Program Files\PuTTY\;C:\Program Files\Intel\WiFi\bin\;C:\Program Files\Common Files\Intel\WirelessCommon\;C:\WorkStation\apache-maven-3.6.0\bin;C:\Program Files\dotnet\;C:\Program Files\Microsoft SQL Server\130\Tools\Binn\;C:\WorkStation\gradle-6.3\bin;C:\Program Files\Git\cmd;C:\Users\wu.COMPUTOP\AppData\Local\Microsoft\WindowsApps;C:\Program Files\Fiddler;;%USERPROFILE%\AppData\Local\Microsoft\WindowsApps;."/>
    <property name="java.vm.info" value="mixed mode"/>
    <property name="java.vendor" value="Oracle Corporation"/>
    <property name="java.vm.version" value="25.91-b14"/>
    <property name="java.ext.dirs" value="C:\Program Files\Java\jdk1.8.0_91\jre\lib\ext;C:\WINDOWS\Sun\Java\lib\ext"/>
    <property name="sun.io.unicode.encoding" value="UnicodeLittle"/>
    <property name="java.class.version" value="52.0"/>
  </properties>
  <testcase name="selectAllRole" classname="segment.MyBatisTest" time="0.55"/>
</testsuite>